[debug] [2020-12-15T09:01:36.031Z] ----------------------------------------------------------------------
[debug] [2020-12-15T09:01:36.033Z] Command:       C:\Program Files\nodejs\node.exe C:\Users\hp\AppData\Roaming\npm\node_modules\firebase-tools\lib\bin\firebase.js emulators:start
[debug] [2020-12-15T09:01:36.033Z] CLI Version:   8.19.0
[debug] [2020-12-15T09:01:36.034Z] Platform:      win32
[debug] [2020-12-15T09:01:36.034Z] Node Version:  v14.15.1
[debug] [2020-12-15T09:01:36.034Z] Time:          Tue Dec 15 2020 15:01:36 GMT+0600 (Bangladesh Standard Time)
[debug] [2020-12-15T09:01:36.035Z] ----------------------------------------------------------------------
[debug] [2020-12-15T09:01:36.035Z] 
[debug] [2020-12-15T09:01:36.042Z] > command requires scopes: ["email","openid","https://www.googleapis.com/auth/cloudplatformprojects.readonly","https://www.googleapis.com/auth/firebase","https://www.googleapis.com/auth/cloud-platform"]
[debug] [2020-12-15T09:01:36.042Z] > authorizing via signed-in user
[info] i  emulators: Starting emulators: functions, hosting {"metadata":{"emulator":{"name":"hub"},"message":"Starting emulators: functions, hosting"}}
[debug] [2020-12-15T09:01:36.086Z] [hub] writing locator at C:\Users\hp\AppData\Local\Temp\hub-emazon-clone-chalange.json
[warn] !  functions: The following emulators are not running, calls to these services from the Functions emulator will affect production: auth, firestore, database, pubsub {"metadata":{"emulator":{"name":"functions"},"message":"The following emulators are not running, calls to these services from the Functions emulator will affect production: \u001b[1mauth, firestore, database, pubsub\u001b[22m"}}
[warn] !  Your requested "node" version "12" doesn't match your global version "14" {"metadata":{"emulator":{"name":"functions"},"message":"Your requested \"node\" version \"12\" doesn't match your global version \"14\""}}
[debug] [2020-12-15T09:01:36.133Z] defaultcredentials: writing to file C:\Users\hp\AppData\Roaming\firebase\haque_azizul.bd.1_gmail.com_application_default_credentials.json
[debug] [2020-12-15T09:01:36.134Z] Setting GAC to C:\Users\hp\AppData\Roaming\firebase\haque_azizul.bd.1_gmail.com_application_default_credentials.json {"metadata":{"emulator":{"name":"functions"},"message":"Setting GAC to C:\\Users\\hp\\AppData\\Roaming\\firebase\\haque_azizul.bd.1_gmail.com_application_default_credentials.json"}}
[debug] [2020-12-15T09:01:36.171Z] >>> HTTP REQUEST GET https://firebase.googleapis.com/v1beta1/projects/emazon-clone-chalange/webApps/-/config  
 
[debug] [2020-12-15T09:01:37.546Z] <<< HTTP RESPONSE 200 {"content-type":"application/json; charset=UTF-8","vary":"X-Origin, Referer, Origin,Accept-Encoding","date":"Tue, 15 Dec 2020 09:01:37 GMT","server":"ESF","cache-control":"private","x-xss-protection":"0","x-frame-options":"SAMEORIGIN","x-content-type-options":"nosniff","alt-svc":"h3-29=\":443\"; ma=2592000,h3-T051=\":443\"; ma=2592000,h3-Q050=\":443\"; ma=2592000,h3-Q046=\":443\"; ma=2592000,h3-Q043=\":443\"; ma=2592000,quic=\":443\"; ma=2592000; v=\"46,43\"","accept-ranges":"none","transfer-encoding":"chunked"}
[info] i  hosting: Serving hosting files from: build {"metadata":{"emulator":{"name":"hosting"},"message":"Serving hosting files from: \u001b[1mbuild\u001b[22m"}}
[info] +  hosting: Local server: http://localhost:5000 {"metadata":{"emulator":{"name":"hosting"},"message":"Local server: \u001b[4m\u001b[1mhttp://localhost:5000\u001b[22m\u001b[24m"}}
[debug] [2020-12-15T09:01:37.576Z] Ignoring unsupported arg: auto_download {"metadata":{"emulator":{"name":"ui"},"message":"Ignoring unsupported arg: auto_download"}}
[debug] [2020-12-15T09:01:37.576Z] Ignoring unsupported arg: port {"metadata":{"emulator":{"name":"ui"},"message":"Ignoring unsupported arg: port"}}
[debug] [2020-12-15T09:01:37.576Z] Starting Emulator UI with command {"binary":"node","args":["C:\\Users\\hp\\.cache\\firebase\\emulators\\ui-v1.3.0\\server.bundle.js"],"optionalArgs":[],"joinArgs":false} {"metadata":{"emulator":{"name":"ui"},"message":"Starting Emulator UI with command {\"binary\":\"node\",\"args\":[\"C:\\\\Users\\\\hp\\\\.cache\\\\firebase\\\\emulators\\\\ui-v1.3.0\\\\server.bundle.js\"],\"optionalArgs\":[],\"joinArgs\":false}"}}
[info] i  ui: Emulator UI logging to ui-debug.log {"metadata":{"emulator":{"name":"ui"},"message":"Emulator UI logging to \u001b[1mui-debug.log\u001b[22m"}}
[debug] [2020-12-15T09:01:37.709Z] Web / API server started at http://localhost:4000
 {"metadata":{"emulator":{"name":"ui"},"message":"Web / API server started at http://localhost:4000\n"}}
[info] i  functions: Watching "D:\clever programming\amazon-clone\functions" for Cloud Functions... {"metadata":{"emulator":{"name":"functions"},"message":"Watching \"D:\\clever programming\\amazon-clone\\functions\" for Cloud Functions..."}}
[debug] [2020-12-15T09:01:37.859Z] [worker-pool] addWorker(~diagnostic~) {"metadata":{"emulator":{"name":"functions"},"message":"[worker-pool] addWorker(~diagnostic~)"}}
[debug] [2020-12-15T09:01:37.859Z] [worker-pool] Adding worker with key ~diagnostic~, total=1 {"metadata":{"emulator":{"name":"functions"},"message":"[worker-pool] Adding worker with key ~diagnostic~, total=1"}}
[debug] [2020-12-15T09:01:37.859Z] [worker-pool] submitWork(triggerId=) {"metadata":{"emulator":{"name":"functions"},"message":"[worker-pool] submitWork(triggerId=)"}}
[debug] [2020-12-15T09:01:37.860Z] [worker-~diagnostic~-1180d929-c199-4d0d-b40c-29d3872cb6d8]: Assigning socketPath: \\?\pipe\D:\clever programming\amazon-clone\functions\5296 {"metadata":{"emulator":{"name":"functions"},"message":"[worker-~diagnostic~-1180d929-c199-4d0d-b40c-29d3872cb6d8]: Assigning socketPath: \\\\?\\pipe\\D:\\clever programming\\amazon-clone\\functions\\5296"}}
[debug] [2020-12-15T09:01:37.862Z] [worker-~diagnostic~-1180d929-c199-4d0d-b40c-29d3872cb6d8]: BUSY {"metadata":{"emulator":{"name":"functions"},"message":"[worker-~diagnostic~-1180d929-c199-4d0d-b40c-29d3872cb6d8]: BUSY"}}
